# JRE version: Java(TM) SE Runtime Environment (7.0_79-b15) (build 1.7.0_79-b15)
# Java VM: Java HotSpot(TM) 64-Bit Server VM (24.79-b02 mixed mode windows-amd64 compressed oops)
Heap
 PSYoungGen      total 270336K, used 53773K [0x00000000eaa80000, 0x00000000fd900000, 0x0000000100000000)
  eden space 258560K, 16% used [0x00000000eaa80000,0x00000000ed3f2bf0,0x00000000fa700000)
  from space 11776K, 96% used [0x00000000fb280000,0x00000000fbd90a70,0x00000000fbe00000)
  to   space 25600K, 0% used [0x00000000fc000000,0x00000000fc000000,0x00000000fd900000)
 ParOldGen       total 86016K, used 51741K [0x00000000c0000000, 0x00000000c5400000, 0x00000000eaa80000)
  object space 86016K, 60% used [0x00000000c0000000,0x00000000c3287430,0x00000000c5400000)
 PSPermGen       total 121344K, used 61726K [0x00000000b0000000, 0x00000000b7680000, 0x00000000c0000000)
  object space 121344K, 50% used [0x00000000b0000000,0x00000000b3c47af0,0x00000000b7680000)
GC Heap History (10 events):
Event: 185.321 GC heap before
{Heap before GC invocations=15 (full 1):
 PSYoungGen      total 304128K, used 304012K [0x00000000eaa80000, 0x00000000ffd00000, 0x0000000100000000)
  eden space 295424K, 100% used [0x00000000eaa80000,0x00000000fcb00000,0x00000000fcb00000)
  from space 8704K, 98% used [0x00000000fcb00000,0x00000000fd3631c8,0x00000000fd380000)
  to   space 25600K, 0% used [0x00000000fe400000,0x00000000fe400000,0x00000000ffd00000)
 ParOldGen       total 86016K, used 40447K [0x00000000c0000000, 0x00000000c5400000, 0x00000000eaa80000)
  object space 86016K, 47% used [0x00000000c0000000,0x00000000c277fda8,0x00000000c5400000)
 PSPermGen       total 100352K, used 55671K [0x00000000b0000000, 0x00000000b6200000, 0x00000000c0000000)
  object space 100352K, 55% used [0x00000000b0000000,0x00000000b365dd20,0x00000000b6200000)
Event: 185.357 GC heap after
Heap after GC invocations=15 (full 1):
 PSYoungGen      total 301568K, used 18546K [0x00000000eaa80000, 0x00000000ff680000, 0x0000000100000000)
  eden space 282624K, 0% used [0x00000000eaa80000,0x00000000eaa80000,0x00000000fbe80000)
  from space 18944K, 97% used [0x00000000fe400000,0x00000000ff61c800,0x00000000ff680000)
  to   space 27136K, 0% used [0x00000000fc180000,0x00000000fc180000,0x00000000fdc00000)
 ParOldGen       total 86016K, used 45066K [0x00000000c0000000, 0x00000000c5400000, 0x00000000eaa80000)
  object space 86016K, 52% used [0x00000000c0000000,0x00000000c2c02840,0x00000000c5400000)
 PSPermGen       total 100352K, used 55671K [0x00000000b0000000, 0x00000000b6200000, 0x00000000c0000000)
  object space 100352K, 55% used [0x00000000b0000000,0x00000000b365dd20,0x00000000b6200000)
}
Event: 228.044 GC heap before
{Heap before GC invocations=16 (full 1):
 PSYoungGen      total 301568K, used 301170K [0x00000000eaa80000, 0x00000000ff680000, 0x0000000100000000)
  eden space 282624K, 100% used [0x00000000eaa80000,0x00000000fbe80000,0x00000000fbe80000)
  from space 18944K, 97% used [0x00000000fe400000,0x00000000ff61c800,0x00000000ff680000)
  to   space 27136K, 0% used [0x00000000fc180000,0x00000000fc180000,0x00000000fdc00000)
 ParOldGen       total 86016K, used 45066K [0x00000000c0000000, 0x00000000c5400000, 0x00000000eaa80000)
  object space 86016K, 52% used [0x00000000c0000000,0x00000000c2c02840,0x00000000c5400000)
 PSPermGen       total 100352K, used 60706K [0x00000000b0000000, 0x00000000b6200000, 0x00000000c0000000)
  object space 100352K, 60% used [0x00000000b0000000,0x00000000b3b48a10,0x00000000b6200000)
Event: 228.186 GC heap after
Heap after GC invocations=16 (full 1):
 PSYoungGen      total 277504K, used 6699K [0x00000000eaa80000, 0x00000000fe680000, 0x0000000100000000)
  eden space 270336K, 0% used [0x00000000eaa80000,0x00000000eaa80000,0x00000000fb280000)
  from space 7168K, 93% used [0x00000000fc180000,0x00000000fc80af58,0x00000000fc880000)
  to   space 26624K, 0% used [0x00000000fcc80000,0x00000000fcc80000,0x00000000fe680000)
 ParOldGen       total 86016K, used 52599K [0x00000000c0000000, 0x00000000c5400000, 0x00000000eaa80000)
  object space 86016K, 61% used [0x00000000c0000000,0x00000000c335dc40,0x00000000c5400000)
 PSPermGen       total 100352K, used 60706K [0x00000000b0000000, 0x00000000b6200000, 0x00000000c0000000)
  object space 100352K, 60% used [0x00000000b0000000,0x00000000b3b48a10,0x00000000b6200000)
}
Event: 259.218 GC heap before
{Heap before GC invocations=17 (full 1):
 PSYoungGen      total 277504K, used 63793K [0x00000000eaa80000, 0x00000000fe680000, 0x0000000100000000)
  eden space 270336K, 21% used [0x00000000eaa80000,0x00000000ee2417c0,0x00000000fb280000)
  from space 7168K, 93% used [0x00000000fc180000,0x00000000fc80af58,0x00000000fc880000)
  to   space 26624K, 0% used [0x00000000fcc80000,0x00000000fcc80000,0x00000000fe680000)
 ParOldGen       total 86016K, used 52599K [0x00000000c0000000, 0x00000000c5400000, 0x00000000eaa80000)
  object space 86016K, 61% used [0x00000000c0000000,0x00000000c335dc40,0x00000000c5400000)
 PSPermGen       total 100352K, used 61486K [0x00000000b0000000, 0x00000000b6200000, 0x00000000c0000000)
  object space 100352K, 61% used [0x00000000b0000000,0x00000000b3c0b808,0x00000000b6200000)
Event: 259.225 GC heap after
Heap after GC invocations=17 (full 1):
 PSYoungGen      total 296960K, used 1024K [0x00000000eaa80000, 0x00000000fe680000, 0x0000000100000000)
  eden space 270336K, 0% used [0x00000000eaa80000,0x00000000eaa80000,0x00000000fb280000)
  from space 26624K, 3% used [0x00000000fcc80000,0x00000000fcd80000,0x00000000fe680000)
  to   space 26624K, 0% used [0x00000000fb280000,0x00000000fb280000,0x00000000fcc80000)
 ParOldGen       total 86016K, used 56052K [0x00000000c0000000, 0x00000000c5400000, 0x00000000eaa80000)
  object space 86016K, 65% used [0x00000000c0000000,0x00000000c36bd0a8,0x00000000c5400000)
 PSPermGen       total 100352K, used 61486K [0x00000000b0000000, 0x00000000b6200000, 0x00000000c0000000)
  object space 100352K, 61% used [0x00000000b0000000,0x00000000b3c0b808,0x00000000b6200000)
}
Event: 259.225 GC heap before
{Heap before GC invocations=18 (full 2):
 PSYoungGen      total 296960K, used 1024K [0x00000000eaa80000, 0x00000000fe680000, 0x0000000100000000)
  eden space 270336K, 0% used [0x00000000eaa80000,0x00000000eaa80000,0x00000000fb280000)
  from space 26624K, 3% used [0x00000000fcc80000,0x00000000fcd80000,0x00000000fe680000)
  to   space 26624K, 0% used [0x00000000fb280000,0x00000000fb280000,0x00000000fcc80000)
 ParOldGen       total 86016K, used 56052K [0x00000000c0000000, 0x00000000c5400000, 0x00000000eaa80000)
  object space 86016K, 65% used [0x00000000c0000000,0x00000000c36bd0a8,0x00000000c5400000)
 PSPermGen       total 100352K, used 61486K [0x00000000b0000000, 0x00000000b6200000, 0x00000000c0000000)
  object space 100352K, 61% used [0x00000000b0000000,0x00000000b3c0b808,0x00000000b6200000)
Event: 259.978 GC heap after
Heap after GC invocations=18 (full 2):
 PSYoungGen      total 296960K, used 0K [0x00000000eaa80000, 0x00000000fe680000, 0x0000000100000000)
  eden space 270336K, 0% used [0x00000000eaa80000,0x00000000eaa80000,0x00000000fb280000)
  from space 26624K, 0% used [0x00000000fcc80000,0x00000000fcc80000,0x00000000fe680000)
  to   space 26624K, 0% used [0x00000000fb280000,0x00000000fb280000,0x00000000fcc80000)
 ParOldGen       total 86016K, used 51741K [0x00000000c0000000, 0x00000000c5400000, 0x00000000eaa80000)
  object space 86016K, 60% used [0x00000000c0000000,0x00000000c3287430,0x00000000c5400000)
 PSPermGen       total 121344K, used 61349K [0x00000000b0000000, 0x00000000b7680000, 0x00000000c0000000)
  object space 121344K, 50% used [0x00000000b0000000,0x00000000b3be9708,0x00000000b7680000)
}
Event: 16319.888 GC heap before
{Heap before GC invocations=19 (full 2):
 PSYoungGen      total 296960K, used 270336K [0x00000000eaa80000, 0x00000000fe680000, 0x0000000100000000)
  eden space 270336K, 100% used [0x00000000eaa80000,0x00000000fb280000,0x00000000fb280000)
  from space 26624K, 0% used [0x00000000fcc80000,0x00000000fcc80000,0x00000000fe680000)
  to   space 26624K, 0% used [0x00000000fb280000,0x00000000fb280000,0x00000000fcc80000)
 ParOldGen       total 86016K, used 51741K [0x00000000c0000000, 0x00000000c5400000, 0x00000000eaa80000)
  object space 86016K, 60% used [0x00000000c0000000,0x00000000c3287430,0x00000000c5400000)
 PSPermGen       total 121344K, used 61614K [0x00000000b0000000, 0x00000000b7680000, 0x00000000c0000000)
  object space 121344K, 50% used [0x00000000b0000000,0x00000000b3c2b988,0x00000000b7680000)
Event: 16319.994 GC heap after
Heap after GC invocations=19 (full 2):
 PSYoungGen      total 270336K, used 11330K [0x00000000eaa80000, 0x00000000fd900000, 0x0000000100000000)
  eden space 258560K, 0% used [0x00000000eaa80000,0x00000000eaa80000,0x00000000fa700000)
  from space 11776K, 96% used [0x00000000fb280000,0x00000000fbd90a70,0x00000000fbe00000)
  to   space 25600K, 0% used [0x00000000fc000000,0x00000000fc000000,0x00000000fd900000)
 ParOldGen       total 86016K, used 51741K [0x00000000c0000000, 0x00000000c5400000, 0x00000000eaa80000)
  object space 86016K, 60% used [0x00000000c0000000,0x00000000c3287430,0x00000000c5400000)
 PSPermGen       total 121344K, used 61614K [0x00000000b0000000, 0x00000000b7680000, 0x00000000c0000000)
  object space 121344K, 50% used [0x00000000b0000000,0x00000000b3c2b988,0x00000000b7680000)
}

